-----------------------------------------------------------------
      name:  <unnamed>
       log:  C:\Users\joshc\OneDrive\Desktop\git\mae_unimelb\2024
> \S2\ECOM90003 - Applied Microeconometric Modelling\tutorial_dat
> a\week5.log
  log type:  text
 opened on:  22 Aug 2024, 12:18:30

. 
. * Import Data
. 
. use airfare-1, clear

. 
. 
. ***************************************************************
> *********
. ********************************** Q1A ************************
> *********
. ***************************************************************
> *********
. 
. reg lfare concen ldist ldistsq y98 y99 y00

      Source |       SS           df       MS      Number of obs 
>   =     4,596
-------------+----------------------------------   F(6, 4589)    
>   =    523.18
       Model |  355.453858         6  59.2423096   Prob > F      
>   =    0.0000
    Residual |  519.640516     4,589  .113236112   R-squared     
>   =    0.4062
-------------+----------------------------------   Adj R-squared 
>   =    0.4054
       Total |  875.094374     4,595  .190444913   Root MSE      
>   =    .33651

-----------------------------------------------------------------
> -------------
       lfare | Coefficient  Std. err.      t    P>|t|     [95% co
> n                                                              
>  f. interval]
-------------+---------------------------------------------------
> -------------
      concen |   .3601203   .0300691    11.98   0.000     .301170
> 5                                                              
>      .4190702
       ldist |  -.9016004    .128273    -7.03   0.000    -1.15307
> 7                                                              
>     -.6501235
     ldistsq |   .1030196   .0097255    10.59   0.000     .083952
> 9                                                              
>      .1220863
         y98 |   .0211244   .0140419     1.50   0.133    -.006404
> 6                                                              
>      .0486533
         y99 |   .0378496   .0140413     2.70   0.007      .01032
> 2                                                              
>      .0653772
         y00 |     .09987   .0140432     7.11   0.000     .072338
> 5                                                              
>      .1274015
       _cons |   6.209258   .4206247    14.76   0.000     5.38463
> 1                                                              
>      7.033884
-----------------------------------------------------------------
> -------------

. 
. // there is a shortcut to include variable with similar naming 
> conventions in stata
. 
. // It is: "y*". This will include all vaiables taht start with 
> "y". But, we need to change it so the "year" variable doesn't g
> et impacted by this call.
. 
. foreach i in 98 99 00 {
  2.         rename y`i' yr`i'
  3. }

. 
. reg lfar concen ldist ldistsq yr*

      Source |       SS           df       MS      Number of obs 
>   =     4,596
-------------+----------------------------------   F(6, 4589)    
>   =    523.18
       Model |  355.453858         6  59.2423096   Prob > F      
>   =    0.0000
    Residual |  519.640516     4,589  .113236112   R-squared     
>   =    0.4062
-------------+----------------------------------   Adj R-squared 
>   =    0.4054
       Total |  875.094374     4,595  .190444913   Root MSE      
>   =    .33651

-----------------------------------------------------------------
> -------------
       lfare | Coefficient  Std. err.      t    P>|t|     [95% co
> n                                                              
>  f. interval]
-------------+---------------------------------------------------
> -------------
      concen |   .3601203   .0300691    11.98   0.000     .301170
> 5                                                              
>      .4190702
       ldist |  -.9016004    .128273    -7.03   0.000    -1.15307
> 7                                                              
>     -.6501235
     ldistsq |   .1030196   .0097255    10.59   0.000     .083952
> 9                                                              
>      .1220863
        yr98 |   .0211244   .0140419     1.50   0.133    -.006404
> 6                                                              
>      .0486533
        yr99 |   .0378496   .0140413     2.70   0.007      .01032
> 2                                                              
>      .0653772
        yr00 |     .09987   .0140432     7.11   0.000     .072338
> 5                                                              
>      .1274015
       _cons |   6.209258   .4206247    14.76   0.000     5.38463
> 1                                                              
>      7.033884
-----------------------------------------------------------------
> -------------

. 
. 
. ***************************************************************
> *********
. ********************************** Q1B ************************
> *********
. ***************************************************************
> *********
. 
. 
. 
. 
. ***************************************************************
> *********
. ********************************** Q1C ************************
> *********
. ***************************************************************
> *********
. 
. 
. 
. 
. ***************************************************************
> *********
. ********************************** Q1D ************************
> *********
. ***************************************************************
> *********
. 
. 
. 
. 
. 
. ***************************************************************
> *********
. ********************************** Q1D ************************
> *********
. ***************************************************************
> *********
. 
end of do-file

. do "C:\Users\joshc\AppData\Local\Temp\STD4fc8_00000e.tmp"

. reg lfar concen ldist ldistsq yr*

      Source |       SS           df       MS      Number of obs   =     4,596
-------------+----------------------------------   F(6, 4589)      =    523.18
       Model |  355.453858         6  59.2423096   Prob > F        =    0.0000
    Residual |  519.640516     4,589  .113236112   R-squared       =    0.4062
-------------+----------------------------------   Adj R-squared   =    0.4054
       Total |  875.094374     4,595  .190444913   Root MSE        =    .33651

------------------------------------------------------------------------------
       lfare | Coefficient  Std. err.      t    P>|t|     [95% conf. interval]
-------------+----------------------------------------------------------------
      concen |   .3601203   .0300691    11.98   0.000     .3011705    .4190702
       ldist |  -.9016004    .128273    -7.03   0.000    -1.153077   -.6501235
     ldistsq |   .1030196   .0097255    10.59   0.000     .0839529    .1220863
        yr98 |   .0211244   .0140419     1.50   0.133    -.0064046    .0486533
        yr99 |   .0378496   .0140413     2.70   0.007      .010322    .0653772
        yr00 |     .09987   .0140432     7.11   0.000     .0723385    .1274015
       _cons |   6.209258   .4206247    14.76   0.000     5.384631    7.033884
------------------------------------------------------------------------------

. 
end of do-file

. do "C:\Users\joshc\AppData\Local\Temp\STD4fc8_00000f.tmp"

. di 2.718^(0.1*_b[concen]) - 1
.03666445

. 
end of do-file

. do "C:\Users\joshc\AppData\Local\Temp\STD4fc8_00000g.tmp"

. reg lfar concen ldist ldistsq yr*, r

Linear regression                               Number of obs     =      4,596
                                                F(6, 4589)        =     558.39
                                                Prob > F          =     0.0000
                                                R-squared         =     0.4062
                                                Root MSE          =     .33651

------------------------------------------------------------------------------
             |               Robust
       lfare | Coefficient  std. err.      t    P>|t|     [95% conf. interval]
-------------+----------------------------------------------------------------
      concen |   .3601203   .0318147    11.32   0.000     .2977482    .4224925
       ldist |  -.9016004   .1406543    -6.41   0.000    -1.177351   -.6258503
     ldistsq |   .1030196   .0104402     9.87   0.000     .0825518    .1234875
        yr98 |   .0211244   .0141734     1.49   0.136    -.0066623     .048911
        yr99 |   .0378496   .0144012     2.63   0.009     .0096162    .0660829
        yr00 |     .09987   .0143821     6.94   0.000     .0716742    .1280658
       _cons |   6.209258   .4711359    13.18   0.000     5.285605    7.132911
------------------------------------------------------------------------------

. 
end of do-file

. di -_b[ldist]/(2*_b[ldistsq])
4.3758676

. do "C:\Users\joshc\AppData\Local\Temp\STD4fc8_00000h.tmp"

. xtreg lfar concen ldist ldistsq yr*, re // random effect model

Random-effects GLS regression                   Number of obs     =      4,596
Group variable: id                              Number of groups  =      1,149

R-squared:                                      Obs per group:
     Within  = 0.1348                                         min =          4
     Between = 0.4176                                         avg =        4.0
     Overall = 0.4030                                         max =          4

                                                Wald chi2(6)      =    1360.42
corr(u_i, X) = 0 (assumed)                      Prob > chi2       =     0.0000

------------------------------------------------------------------------------
       lfare | Coefficient  Std. err.      z    P>|z|     [95% conf. interval]
-------------+----------------------------------------------------------------
      concen |   .2089935   .0265297     7.88   0.000     .1569962    .2609907
       ldist |  -.8520921   .2464836    -3.46   0.001    -1.335191   -.3689931
     ldistsq |   .0974604   .0186358     5.23   0.000     .0609348     .133986
        yr98 |   .0224743   .0044544     5.05   0.000     .0137438    .0312047
        yr99 |   .0366898   .0044528     8.24   0.000     .0279626    .0454171
        yr00 |    .098212   .0044576    22.03   0.000     .0894752    .1069487
       _cons |   6.222005   .8099666     7.68   0.000       4.6345     7.80951
-------------+----------------------------------------------------------------
     sigma_u |  .31933841
     sigma_e |  .10651186
         rho |  .89988885   (fraction of variance due to u_i)
------------------------------------------------------------------------------

. 
end of do-file

. do "C:\Users\joshc\AppData\Local\Temp\STD4fc8_00000i.tmp"

. 
. xtreg lfar concen ldist ldistsq yr*, fe // fixed effect model
note: ldist omitted because of collinearity.
note: ldistsq omitted because of collinearity.

Fixed-effects (within) regression               Number of obs     =      4,596
Group variable: id                              Number of groups  =      1,149

R-squared:                                      Obs per group:
     Within  = 0.1352                                         min =          4
     Between = 0.0576                                         avg =        4.0
     Overall = 0.0083                                         max =          4

                                                F(4, 3443)        =     134.61
corr(u_i, Xb) = -0.2033                         Prob > F          =     0.0000

------------------------------------------------------------------------------
       lfare | Coefficient  Std. err.      t    P>|t|     [95% conf. interval]
-------------+----------------------------------------------------------------
      concen |    .168859   .0294101     5.74   0.000     .1111959     .226522
       ldist |          0  (omitted)
     ldistsq |          0  (omitted)
        yr98 |   .0228328   .0044515     5.13   0.000     .0141048    .0315607
        yr99 |   .0363819   .0044495     8.18   0.000     .0276579    .0451058
        yr00 |   .0977717   .0044555    21.94   0.000      .089036    .1065073
       _cons |   4.953331   .0182869   270.87   0.000     4.917476    4.989185
-------------+----------------------------------------------------------------
     sigma_u |  .43389176
     sigma_e |  .10651186
         rho |  .94316439   (fraction of variance due to u_i)
------------------------------------------------------------------------------
F test that all u_i=0: F(1148, 3443) = 60.52                 Prob > F = 0.0000

. 
end of do-file

. exit, clear
