--------------------------------------------------------------------------------------
      name:  <unnamed>
       log:  C:\Users\joshc\OneDrive\Desktop\git\mae_unimelb\2024\S2\ECOM90003 - Appli
> ed Microeconometric Modelling\tutorial_data\weekX.log
  log type:  text
 opened on:  29 Aug 2024, 12:57:44

. 
. * Import Data
. 
. use WAGE2-3, clear

. 
. 
. ************************************************************************
. ********************************** Q3 **********************************
. ************************************************************************
. 
. //a) 
. 
. reg lwage educ sibs

      Source |       SS           df       MS      Number of obs   =       935
-------------+----------------------------------   F(2, 932)       =     54.03
       Model |   17.210155         2  8.60507751   Prob > F        =    0.0000
    Residual |  148.446128       932  .159276962   R-squared       =    0.1039
-------------+----------------------------------   Adj R-squared   =    0.1020
       Total |  165.656283       934  .177362188   Root MSE        =     .3991

------------------------------------------------------------------------------
       lwage | Coefficient  Std. err.      t    P>|t|     [95% conf. interval]
-------------+----------------------------------------------------------------
        educ |   .0560375   .0061227     9.15   0.000     .0440216    .0680534
        sibs |  -.0151325   .0058318    -2.59   0.010    -.0265774   -.0036876
       _cons |   6.068773   .0891164    68.10   0.000     5.893881    6.243665
------------------------------------------------------------------------------

. 
. 
. 
. 
. //b)
. 
. reg educ brthord

      Source |       SS           df       MS      Number of obs   =       852
-------------+----------------------------------   F(1, 850)       =     37.29
       Model |  173.087012         1  173.087012   Prob > F        =    0.0000
    Residual |  3945.88364       850  4.64221605   R-squared       =    0.0420
-------------+----------------------------------   Adj R-squared   =    0.0409
       Total |  4118.97066       851  4.84015353   Root MSE        =    2.1546

------------------------------------------------------------------------------
        educ | Coefficient  Std. err.      t    P>|t|     [95% conf. interval]
-------------+----------------------------------------------------------------
     brthord |  -.2826441   .0462882    -6.11   0.000    -.3734967   -.1917915
       _cons |   14.14945   .1286754   109.96   0.000     13.89689    14.40201
------------------------------------------------------------------------------

. 
. // This is implicitly the first step of 2SLS if you use brthord as your instrument.
. 
. 
. 
. 
. 
. //c) 
. 
. 
. // don't use "ivreg" - this is a retired state command.
. 
. ivregress 2sls lwage (educ=brthord)

Instrumental variables 2SLS regression            Number of obs   =        852
                                                  Wald chi2(1)    =      16.67
                                                  Prob > chi2     =     0.0000
                                                  R-squared       =          .
                                                  Root MSE        =     .42101

------------------------------------------------------------------------------
       lwage | Coefficient  Std. err.      z    P>|z|     [95% conf. interval]
-------------+----------------------------------------------------------------
        educ |   .1306448   .0320009     4.08   0.000     .0679242    .1933654
       _cons |   5.030397   .4324406    11.63   0.000     4.182829    5.877965
------------------------------------------------------------------------------
Endogenous: educ
Exogenous:  brthord

. 
. 
. 
. //d) 
. 
. 
. 
. ivregress 2sls lwage sibs (educ=brthord)

Instrumental variables 2SLS regression            Number of obs   =        852
                                                  Wald chi2(2)    =      21.87
                                                  Prob > chi2     =     0.0000
                                                  R-squared       =          .
                                                  Root MSE        =     .42623

------------------------------------------------------------------------------
       lwage | Coefficient  Std. err.      z    P>|z|     [95% conf. interval]
-------------+----------------------------------------------------------------
        educ |   .1369941   .0745496     1.84   0.066    -.0091204    .2831087
        sibs |   .0021108   .0173411     0.12   0.903    -.0318772    .0360987
       _cons |   4.938527    1.05383     4.69   0.000     2.873058    7.003996
------------------------------------------------------------------------------
Endogenous: educ
Exogenous:  sibs brthord

. 
end of do-file

. do "C:\Users\joshc\AppData\Local\Temp\STD8a60_000007.tmp"

. 
. reg educ brthord subs
variable subs not found
r(111);

end of do-file

r(111);

. do "C:\Users\joshc\AppData\Local\Temp\STD8a60_000008.tmp"

. reg educ brthord sibs

      Source |       SS           df       MS      Number of obs   =       852
-------------+----------------------------------   F(2, 849)       =     26.29
       Model |  240.246365         2  120.123183   Prob > F        =    0.0000
    Residual |  3878.72429       849  4.56857985   R-squared       =    0.0583
-------------+----------------------------------   Adj R-squared   =    0.0561
       Total |  4118.97066       851  4.84015353   Root MSE        =    2.1374

------------------------------------------------------------------------------
        educ | Coefficient  Std. err.      t    P>|t|     [95% conf. interval]
-------------+----------------------------------------------------------------
     brthord |  -.1526742   .0570764    -2.67   0.008    -.2647017   -.0406467
        sibs |  -.1528673   .0398705    -3.83   0.000    -.2311236   -.0746109
       _cons |    14.2965   .1332881   107.26   0.000     14.03489    14.55811
------------------------------------------------------------------------------

. predict educhat
(option xb assumed; fitted values)
(83 missing values generated)

. 
end of do-file

. do "C:\Users\joshc\AppData\Local\Temp\STD8a60_000009.tmp"

. 
. corr educhat sibs
(obs=852)

             |  educhat     sibs
-------------+------------------
     educhat |   1.0000
        sibs |  -0.9295   1.0000


. 
end of do-file

. exit, clear
